This is pdfTeX, Version 3.14159265-2.6-1.40.18 (TeX Live 2017/Debian) (preloaded format=pdflatex 2019.12.12)  14 DEC 2019 04:43
entering extended mode
 restricted \write18 enabled.
 %&-line parsing enabled.
**lit_rev.tex
(./lit_rev.tex
LaTeX2e <2017-04-15>
Babel <3.18> and hyphenation patterns for 84 language(s) loaded.
(/usr/share/texlive/texmf-dist/tex/latex/base/article.cls
Document Class: article 2014/09/29 v1.4h Standard LaTeX document class
(/usr/share/texlive/texmf-dist/tex/latex/base/size10.clo
File: size10.clo 2014/09/29 v1.4h Standard LaTeX file (size option)
)
\c@part=\count79
\c@section=\count80
\c@subsection=\count81
\c@subsubsection=\count82
\c@paragraph=\count83
\c@subparagraph=\count84
\c@figure=\count85
\c@table=\count86
\abovecaptionskip=\skip41
\belowcaptionskip=\skip42
\bibindent=\dimen102
)
(/usr/share/texlive/texmf-dist/tex/latex/hyperref/hyperref.sty
Package: hyperref 2018/02/06 v6.86b Hypertext links for LaTeX

(/usr/share/texlive/texmf-dist/tex/generic/oberdiek/hobsub-hyperref.sty
Package: hobsub-hyperref 2016/05/16 v1.14 Bundle oberdiek, subset hyperref (HO)


(/usr/share/texlive/texmf-dist/tex/generic/oberdiek/hobsub-generic.sty
Package: hobsub-generic 2016/05/16 v1.14 Bundle oberdiek, subset generic (HO)
Package: hobsub 2016/05/16 v1.14 Construct package bundles (HO)
Package: infwarerr 2016/05/16 v1.4 Providing info/warning/error messages (HO)
Package: ltxcmds 2016/05/16 v1.23 LaTeX kernel commands for general use (HO)
Package: ifluatex 2016/05/16 v1.4 Provides the ifluatex switch (HO)
Package ifluatex Info: LuaTeX not detected.
Package: ifvtex 2016/05/16 v1.6 Detect VTeX and its facilities (HO)
Package ifvtex Info: VTeX not detected.
Package: intcalc 2016/05/16 v1.2 Expandable calculations with integers (HO)
Package: ifpdf 2017/03/15 v3.2 Provides the ifpdf switch
Package: etexcmds 2016/05/16 v1.6 Avoid name clashes with e-TeX commands (HO)
Package etexcmds Info: Could not find \expanded.
(etexcmds)             That can mean that you are not using pdfTeX 1.50 or
(etexcmds)             that some package has redefined \expanded.
(etexcmds)             In the latter case, load this package earlier.
Package: kvsetkeys 2016/05/16 v1.17 Key value parser (HO)
Package: kvdefinekeys 2016/05/16 v1.4 Define keys (HO)
Package: pdftexcmds 2018/01/21 v0.26 Utility functions of pdfTeX for LuaTeX (HO
)
Package pdftexcmds Info: LuaTeX not detected.
Package pdftexcmds Info: \pdf@primitive is available.
Package pdftexcmds Info: \pdf@ifprimitive is available.
Package pdftexcmds Info: \pdfdraftmode found.
Package: pdfescape 2016/05/16 v1.14 Implements pdfTeX's escape features (HO)
Package: bigintcalc 2016/05/16 v1.4 Expandable calculations on big integers (HO
)
Package: bitset 2016/05/16 v1.2 Handle bit-vector datatype (HO)
Package: uniquecounter 2016/05/16 v1.3 Provide unlimited unique counter (HO)
)
Package hobsub Info: Skipping package `hobsub' (already loaded).
Package: letltxmacro 2016/05/16 v1.5 Let assignment for LaTeX macros (HO)
Package: hopatch 2016/05/16 v1.3 Wrapper for package hooks (HO)
Package: xcolor-patch 2016/05/16 xcolor patch
Package: atveryend 2016/05/16 v1.9 Hooks at the very end of document (HO)
Package atveryend Info: \enddocument detected (standard20110627).
Package: atbegshi 2016/06/09 v1.18 At begin shipout hook (HO)
Package: refcount 2016/05/16 v3.5 Data extraction from label references (HO)
Package: hycolor 2016/05/16 v1.8 Color options for hyperref/bookmark (HO)
)
(/usr/share/texlive/texmf-dist/tex/latex/graphics/keyval.sty
Package: keyval 2014/10/28 v1.15 key=value parser (DPC)
\KV@toks@=\toks14
)
(/usr/share/texlive/texmf-dist/tex/generic/ifxetex/ifxetex.sty
Package: ifxetex 2010/09/12 v0.6 Provides ifxetex conditional
)
(/usr/share/texlive/texmf-dist/tex/latex/oberdiek/auxhook.sty
Package: auxhook 2016/05/16 v1.4 Hooks for auxiliary files (HO)
)
(/usr/share/texlive/texmf-dist/tex/latex/oberdiek/kvoptions.sty
Package: kvoptions 2016/05/16 v3.12 Key value format for package options (HO)
)
\@linkdim=\dimen103
\Hy@linkcounter=\count87
\Hy@pagecounter=\count88

(/usr/share/texlive/texmf-dist/tex/latex/hyperref/pd1enc.def
File: pd1enc.def 2018/02/06 v6.86b Hyperref: PDFDocEncoding definition (HO)
)
\Hy@SavedSpaceFactor=\count89

(/usr/share/texlive/texmf-dist/tex/latex/latexconfig/hyperref.cfg
File: hyperref.cfg 2002/06/06 v1.2 hyperref configuration of TeXLive
)
Package hyperref Info: Hyper figures OFF on input line 4509.
Package hyperref Info: Link nesting OFF on input line 4514.
Package hyperref Info: Hyper index ON on input line 4517.
Package hyperref Info: Plain pages OFF on input line 4524.
Package hyperref Info: Backreferencing OFF on input line 4529.
Package hyperref Info: Implicit mode ON; LaTeX internals redefined.
Package hyperref Info: Bookmarks ON on input line 4762.
\c@Hy@tempcnt=\count90

(/usr/share/texlive/texmf-dist/tex/latex/url/url.sty
\Urlmuskip=\muskip10
Package: url 2013/09/16  ver 3.4  Verb mode for urls, etc.
)
LaTeX Info: Redefining \url on input line 5115.
\XeTeXLinkMargin=\dimen104
\Fld@menulength=\count91
\Field@Width=\dimen105
\Fld@charsize=\dimen106
Package hyperref Info: Hyper figures OFF on input line 6369.
Package hyperref Info: Link nesting OFF on input line 6374.
Package hyperref Info: Hyper index ON on input line 6377.
Package hyperref Info: backreferencing OFF on input line 6384.
Package hyperref Info: Link coloring OFF on input line 6389.
Package hyperref Info: Link coloring with OCG OFF on input line 6394.
Package hyperref Info: PDF/A mode OFF on input line 6399.
LaTeX Info: Redefining \ref on input line 6439.
LaTeX Info: Redefining \pageref on input line 6443.
\Hy@abspage=\count92
\c@Item=\count93
\c@Hfootnote=\count94
)
Package hyperref Info: Driver (autodetected): hpdftex.

(/usr/share/texlive/texmf-dist/tex/latex/hyperref/hpdftex.def
File: hpdftex.def 2018/02/06 v6.86b Hyperref driver for pdfTeX
\Fld@listcount=\count95
\c@bookmark@seq@number=\count96

(/usr/share/texlive/texmf-dist/tex/latex/oberdiek/rerunfilecheck.sty
Package: rerunfilecheck 2016/05/16 v1.8 Rerun checks for auxiliary files (HO)
Package uniquecounter Info: New unique counter `rerunfilecheck' on input line 2
82.
)
\Hy@SectionHShift=\skip43
)
(./lit_rev.aux)
\openout1 = `lit_rev.aux'.

LaTeX Font Info:    Checking defaults for OML/cmm/m/it on input line 4.
LaTeX Font Info:    ... okay on input line 4.
LaTeX Font Info:    Checking defaults for T1/cmr/m/n on input line 4.
LaTeX Font Info:    ... okay on input line 4.
LaTeX Font Info:    Checking defaults for OT1/cmr/m/n on input line 4.
LaTeX Font Info:    ... okay on input line 4.
LaTeX Font Info:    Checking defaults for OMS/cmsy/m/n on input line 4.
LaTeX Font Info:    ... okay on input line 4.
LaTeX Font Info:    Checking defaults for OMX/cmex/m/n on input line 4.
LaTeX Font Info:    ... okay on input line 4.
LaTeX Font Info:    Checking defaults for U/cmr/m/n on input line 4.
LaTeX Font Info:    ... okay on input line 4.
LaTeX Font Info:    Checking defaults for PD1/pdf/m/n on input line 4.
LaTeX Font Info:    ... okay on input line 4.
\AtBeginShipoutBox=\box26
Package hyperref Info: Link coloring OFF on input line 4.
 (/usr/share/texlive/texmf-dist/tex/latex/hyperref/nameref.sty
Package: nameref 2016/05/21 v2.44 Cross-referencing by name of section

(/usr/share/texlive/texmf-dist/tex/generic/oberdiek/gettitlestring.sty
Package: gettitlestring 2016/05/16 v1.5 Cleanup title references (HO)
)
\c@section@level=\count97
)
LaTeX Info: Redefining \ref on input line 4.
LaTeX Info: Redefining \pageref on input line 4.
LaTeX Info: Redefining \nameref on input line 4.

(./lit_rev.out) (./lit_rev.out)
\@outlinefile=\write3
\openout3 = `lit_rev.out'.

LaTeX Font Info:    External font `cmex10' loaded for size
(Font)              <12> on input line 7.
LaTeX Font Info:    External font `cmex10' loaded for size
(Font)              <8> on input line 7.
LaTeX Font Info:    External font `cmex10' loaded for size
(Font)              <6> on input line 7.


LaTeX Warning: No \author given.

[1

{/var/lib/texmf/fonts/map/pdftex/updmap/pdftex.map}]
LaTeX Font Info:    External font `cmex10' loaded for size
(Font)              <7> on input line 17.
LaTeX Font Info:    External font `cmex10' loaded for size
(Font)              <5> on input line 17.

Overfull \hbox (57.80652pt too wide) in paragraph at lines 31--32
\OT1/cmr/m/n/10 on undi-rected graphs deal with span-ning forests [23,24,25,26,
27,28,29,30,31,32,33,34,35,36,37].
 []

[2]
Overfull \hbox (158.9956pt too wide) in paragraph at lines 94--94
[] \OT1/cmtt/m/n/10 [1]https://ieeexplore-ieee-org.proxy.library.carleton.ca/do
cument/8425156/references#references[] 
 []


Overfull \hbox (158.9956pt too wide) in paragraph at lines 94--94
[] \OT1/cmtt/m/n/10 [2]https://ieeexplore-ieee-org.proxy.library.carleton.ca/do
cument/6877288/references#references[] 
 []


Overfull \hbox (32.9967pt too wide) in paragraph at lines 94--94
[] \OT1/cmtt/m/n/10 [3]https://dl-acm-org.proxy.library.carleton.ca/citation.cf
m?id=2733089[] 
 []


Overfull \hbox (158.9956pt too wide) in paragraph at lines 94--94
[] \OT1/cmtt/m/n/10 [4]https://www-sciencedirect-com.proxy.library.carleton.ca/
science/article/pii/0196677482900086[] 
 []


Overfull \hbox (32.9967pt too wide) in paragraph at lines 94--94
[] \OT1/cmtt/m/n/10 [5]https://dl-acm-org.proxy.library.carleton.ca/citation.cf
m?id=2612692[] 
 []

[3]
Overfull \hbox (27.74675pt too wide) in paragraph at lines 94--94
[] \OT1/cmtt/m/n/10 [8]https://dl-acm-org.proxy.library.carleton.ca/citation.cf
m?id=234534[] 
 []


Overfull \hbox (27.74675pt too wide) in paragraph at lines 94--94
[] \OT1/cmtt/m/n/10 [9]https://dl-acm-org.proxy.library.carleton.ca/citation.cf
m?id=331608[] 
 []


Overfull \hbox (38.24666pt too wide) in paragraph at lines 94--94
[] \OT1/cmtt/m/n/10 [10]https://dl-acm-org.proxy.library.carleton.ca/citation.c
fm?id=3210393[] 
 []


Overfull \hbox (6.74693pt too wide) in paragraph at lines 94--94
[] \OT1/cmtt/m/n/10 [12]https://link.springer.com/chapter/10.1007/978-0-8176-48
42-8_15[] 
 []


Overfull \hbox (27.74675pt too wide) in paragraph at lines 94--94
[] \OT1/cmtt/m/n/10 [18]https://www.sciencedirect.com/science/article/pii/08981
22181900080[] 
 []


Overfull \hbox (27.74675pt too wide) in paragraph at lines 94--94
[] \OT1/cmtt/m/n/10 [19]https://www.sciencedirect.com/science/article/pii/00200
19085900249[] 
 []


Overfull \hbox (27.74675pt too wide) in paragraph at lines 94--94
[] \OT1/cmtt/m/n/10 [23]https://www.sciencedirect.com/science/article/pii/00200
19082901314[] 
 []


Overfull \hbox (32.9967pt too wide) in paragraph at lines 94--94
[] \OT1/cmtt/m/n/10 [24]https://dl-acm-org.proxy.library.carleton.ca/citation.c
fm?id=739745[] 
 []


Overfull \hbox (32.9967pt too wide) in paragraph at lines 94--94
[] \OT1/cmtt/m/n/10 [25]https://dl-acm-org.proxy.library.carleton.ca/citation.c
fm?id=305744[] 
 []


Overfull \hbox (32.9967pt too wide) in paragraph at lines 94--94
[] \OT1/cmtt/m/n/10 [26]https://dl-acm-org.proxy.library.carleton.ca/citation.c
fm?id=254195[] 
 []


Overfull \hbox (32.9967pt too wide) in paragraph at lines 94--94
[] \OT1/cmtt/m/n/10 [27]https://dl-acm-org.proxy.library.carleton.ca/citation.c
fm?id=182530[] 
 []


Overfull \hbox (32.9967pt too wide) in paragraph at lines 94--94
[] \OT1/cmtt/m/n/10 [28]https://dl-acm-org.proxy.library.carleton.ca/citation.c
fm?id=359141[] 
 []


Overfull \hbox (32.9967pt too wide) in paragraph at lines 94--94
[] \OT1/cmtt/m/n/10 [29]https://dl-acm-org.proxy.library.carleton.ca/citation.c
fm?id=214077[] 
 []


Overfull \hbox (32.9967pt too wide) in paragraph at lines 94--94
[] \OT1/cmtt/m/n/10 [30]https://dl-acm-org.proxy.library.carleton.ca/citation.c
fm?id=106163[] 
 []


Overfull \hbox (32.9967pt too wide) in paragraph at lines 94--94
[] \OT1/cmtt/m/n/10 [31]https://dl-acm-org.proxy.library.carleton.ca/citation.c
fm?id=203622[] 
 []


Overfull \hbox (32.9967pt too wide) in paragraph at lines 94--94
[] \OT1/cmtt/m/n/10 [32]https://dl-acm-org.proxy.library.carleton.ca/citation.c
fm?id=358650[] 
 []


Overfull \hbox (27.74675pt too wide) in paragraph at lines 94--94
[] \OT1/cmtt/m/n/10 [33]https://dl-acm-org.proxy.library.carleton.ca/citation.c
fm?id=72952[] 
 []


Overfull \hbox (32.9967pt too wide) in paragraph at lines 94--94
[] \OT1/cmtt/m/n/10 [34]https://dl-acm-org.proxy.library.carleton.ca/citation.c
fm?id=586952[] 
 []


Overfull \hbox (38.24666pt too wide) in paragraph at lines 94--94
[] \OT1/cmtt/m/n/10 [35]https://dl-acm-org.proxy.library.carleton.ca/citation.c
fm?id=1398907[] 
 []


Overfull \hbox (27.74675pt too wide) in paragraph at lines 94--94
[] \OT1/cmtt/m/n/10 [36]https://www.sciencedirect.com/science/article/pii/01662
18X84900192[] 
 []


Overfull \hbox (326.99414pt too wide) in paragraph at lines 94--94
[] \OT1/cmtt/m/n/10 [37]B. Awerbuch and Y. Shiloach. New connectivity and MSF a
lgorithms for Ultracomputer and PRAM. In ICPP, pages 177--187, 1983.[] 
 []


Overfull \hbox (32.9967pt too wide) in paragraph at lines 94--94
[] \OT1/cmtt/m/n/10 [38]https://dl-acm-org.proxy.library.carleton.ca/citation.c
fm?id=237563[] 
 []


Overfull \hbox (32.9967pt too wide) in paragraph at lines 94--94
[] \OT1/cmtt/m/n/10 [39]https://dl-acm-org.proxy.library.carleton.ca/citation.c
fm?id=123143[] 
 []


Overfull \hbox (32.9967pt too wide) in paragraph at lines 94--94
[] \OT1/cmtt/m/n/10 [40]https://dl-acm-org.proxy.library.carleton.ca/citation.c
fm?id=247524[] 
 []


Overfull \hbox (32.9967pt too wide) in paragraph at lines 94--94
[] \OT1/cmtt/m/n/10 [41]https://dl-acm-org.proxy.library.carleton.ca/citation.c
fm?id=377897[] 
 []


Overfull \hbox (32.9967pt too wide) in paragraph at lines 94--94
[] \OT1/cmtt/m/n/10 [42]https://dl-acm-org.proxy.library.carleton.ca/citation.c
fm?id=586952[] 
 []


Overfull \hbox (32.9967pt too wide) in paragraph at lines 94--94
[] \OT1/cmtt/m/n/10 [43]https://dl-acm-org.proxy.library.carleton.ca/citation.c
fm?id=686427[] 
 []


Overfull \hbox (379.49368pt too wide) in paragraph at lines 94--94
[] \OT1/cmtt/m/n/10 [44]S. Hambrusch and L. TeWinkel. A study of connected comp
onent labeling algorithms on the MPP. In Supercomputing, pages 477--483, 1988.[
] 
 []


Overfull \hbox (678.74107pt too wide) in paragraph at lines 94--94
[] \OT1/cmtt/m/n/10 [45]S. Goddard, S. Kumar, and J. F. Prins. Connected compon
ents algorithms for mesh-connected parallel computers. In Parallel Algorithms: 
3rd DIMACS Implementation Challenge, pages 43--58, 1995.[] 
 []


Overfull \hbox (106.49606pt too wide) in paragraph at lines 94--94
[] \OT1/cmtt/m/n/10 [46]https://www.ams.org/journals/proc/1956-007-01/S0002-993
9-1956-0078686-7/home.html[] 
 []

Package atveryend Info: Empty hook `BeforeClearDocument' on input line 97.
[4]
Package atveryend Info: Empty hook `AfterLastShipout' on input line 97.
 (./lit_rev.aux)
Package atveryend Info: Executing hook `AtVeryEndDocument' on input line 97.
Package atveryend Info: Executing hook `AtEndAfterFileList' on input line 97.
Package rerunfilecheck Info: File `lit_rev.out' has not changed.
(rerunfilecheck)             Checksum: C684DC97365ED585D55EA9E2F8544984;97.
Package atveryend Info: Empty hook `AtVeryVeryEnd' on input line 97.
 ) 
Here is how much of TeX's memory you used:
 4262 strings out of 492982
 63909 string characters out of 6134895
 148249 words of memory out of 5000000
 7832 multiletter control sequences out of 15000+600000
 8102 words of font info for 29 fonts, out of 8000000 for 9000
 1141 hyphenation exceptions out of 8191
 28i,6n,28p,1396b,444s stack positions out of 5000i,500n,10000p,200000b,80000s
</usr/share/texlive/texmf-dist/fonts/type1/public/amsfonts/cm/cmbx12.pfb></us
r/share/texlive/texmf-dist/fonts/type1/public/amsfonts/cm/cmmi10.pfb></usr/shar
e/texlive/texmf-dist/fonts/type1/public/amsfonts/cm/cmmi7.pfb></usr/share/texli
ve/texmf-dist/fonts/type1/public/amsfonts/cm/cmr10.pfb></usr/share/texlive/texm
f-dist/fonts/type1/public/amsfonts/cm/cmr12.pfb></usr/share/texlive/texmf-dist/
fonts/type1/public/amsfonts/cm/cmr17.pfb></usr/share/texlive/texmf-dist/fonts/t
ype1/public/amsfonts/cm/cmr7.pfb></usr/share/texlive/texmf-dist/fonts/type1/pub
lic/amsfonts/cm/cmsy10.pfb></usr/share/texlive/texmf-dist/fonts/type1/public/am
sfonts/cm/cmti10.pfb></usr/share/texlive/texmf-dist/fonts/type1/public/amsfonts
/cm/cmtt10.pfb>
Output written on lit_rev.pdf (4 pages, 123319 bytes).
PDF statistics:
 87 PDF objects out of 1000 (max. 8388607)
 70 compressed objects within 1 object stream
 17 named destinations out of 1000 (max. 500000)
 17 words of extra memory for PDF output out of 10000 (max. 10000000)

